nohup: ignoring input
2017-11-10 08:50:46,414 - __main__ - INFO - started playlist eval with config: {'dataDir': 'data/full_model/', 'outDir': 'data/rec/', 'PRECISION_AT': [1, 5, 10], 'USE_USER_IN_QUERY': True}
2017-11-10 08:50:46,414 - __main__ - INFO - %%% playlist_eval runner... 
2017-11-10 08:50:46,655 - __main__ - INFO - %%% ge calc initializing... 
2017-11-10 08:51:18,508 - __main__ - INFO - %%% ge calc initializing done in 31.853s


2017-11-10 08:51:18,508 - __main__ - INFO - ------------- evaluation -------------
2017-11-10 08:51:18,509 - __main__ - INFO - %%% evaluation... 
2017-11-10 08:51:18,509 - gemsearch.evaluation.playlist_query_evaluator - INFO - Started playlist evaluation with 4139 playlists
2017-11-10 11:57:24,428 - gemsearch.evaluation.playlist_query_evaluator - INFO - Playlist evaluation finished: total 4139 playlists (testsplit=0.2)
[{'key': 'rec_random_tracks@1',
  'values': {'avg_hits': 0.0,
             'avg_hits_on_has_hits': 0,
             'has_hits': 0,
             'precision': 0.0,
             'precision_on_has_hits': 0,
             'recall': 0.0}},
 {'key': 'rec_random_tracks@5',
  'values': {'avg_hits': 0.0,
             'avg_hits_on_has_hits': 0,
             'has_hits': 0,
             'precision': 0.0,
             'precision_on_has_hits': 0,
             'recall': 0.0}},
 {'key': 'rec_random_tracks@10',
  'values': {'avg_hits': 0.00024160425223483932,
             'avg_hits_on_has_hits': 1.0,
             'has_hits': 1,
             'precision': 2.4160425223483936e-05,
             'precision_on_has_hits': 0.1,
             'recall': 4.711471377434464e-08}},
 {'key': 'rec_tracks_with_user@1',
  'values': {'avg_hits': 0.011597004107272288,
             'avg_hits_on_has_hits': 1.0,
             'has_hits': 48,
             'precision': 0.011597004107272288,
             'precision_on_has_hits': 1.0,
             'recall': 0.00020734707095043198}},
 {'key': 'rec_tracks_with_user@10',
  'values': {'avg_hits': 0.1294998791978739,
             'avg_hits_on_has_hits': 1.7070063694267517,
             'has_hits': 314,
             'precision': 0.01294998791978744,
             'precision_on_has_hits': 0.17070063694267584,
             'recall': 0.0026652754524420096}},
 {'key': 'rec_tracks_with_user@5',
  'values': {'avg_hits': 0.06499154385117178,
             'avg_hits_on_has_hits': 1.3794871794871795,
             'has_hits': 195,
             'precision': 0.012998308770234382,
             'precision_on_has_hits': 0.2758974358974364,
             'recall': 0.0014296060996296827}},
 {'key': 'rec_query_tracks_with_user@10',
  'values': {'avg_hits': 0.2589997583957478,
             'avg_hits_on_has_hits': 2.1526104417670684,
             'has_hits': 498,
             'precision': 0.025899975839574697,
             'precision_on_has_hits': 0.2152610441767062,
             'recall': 0.010170465629426818}},
 {'key': 'rec_query_tracks_with_user_mean@10',
  'values': {'avg_hits': 0.26769751147620197,
             'avg_hits_on_has_hits': 2.1768172888015718,
             'has_hits': 509,
             'precision': 0.02676975114762011,
             'precision_on_has_hits': 0.21768172888015644,
             'recall': 0.011395858473094322}},
 {'key': 'rec_query_tracks_with_user@5',
  'values': {'avg_hits': 0.14302971732302489,
             'avg_hits_on_has_hits': 1.7259475218658893,
             'has_hits': 343,
             'precision': 0.028605943464605068,
             'precision_on_has_hits': 0.3451895043731789,
             'recall': 0.005948513339893948}},
 {'key': 'rec_query_tracks_with_user_mean@5',
  'values': {'avg_hits': 0.14762019811548682,
             'avg_hits_on_has_hits': 1.7557471264367817,
             'has_hits': 348,
             'precision': 0.029524039623097482,
             'precision_on_has_hits': 0.35114942528735765,
             'recall': 0.0063504261160774135}},
 {'key': 'rec_first_two_query_tracks_with_user@10',
  'values': {'avg_hits': 0.30345494080695823,
             'avg_hits_on_has_hits': 2.211267605633803,
             'has_hits': 568,
             'precision': 0.03034549408069568,
             'precision_on_has_hits': 0.22112676056337927,
             'recall': 0.013091829246948915}},
 {'key': 'rec_query_tracks_with_user@1',
  'values': {'avg_hits': 0.031408552790529114,
             'avg_hits_on_has_hits': 1.0,
             'has_hits': 130,
             'precision': 0.031408552790529114,
             'precision_on_has_hits': 1.0,
             'recall': 0.0013038261151257684}},
 {'key': 'rec_first_two_query_tracks_with_user@5',
  'values': {'avg_hits': 0.17105581058226624,
             'avg_hits_on_has_hits': 1.7744360902255638,
             'has_hits': 399,
             'precision': 0.034211162116453295,
             'precision_on_has_hits': 0.35488721804511325,
             'recall': 0.007807110967712654}},
 {'key': 'rec_query_tracks_with_user_mean@1',
  'values': {'avg_hits': 0.03648224208746074,
             'avg_hits_on_has_hits': 1.0,
             'has_hits': 151,
             'precision': 0.03648224208746074,
             'precision_on_has_hits': 1.0,
             'recall': 0.0017388417097552596}},
 {'key': 'rec_query_tracks_with_user_scaled@10',
  'values': {'avg_hits': 0.39405653539502294,
             'avg_hits_on_has_hits': 2.5444617784711387,
             'has_hits': 641,
             'precision': 0.03940565353950206,
             'precision_on_has_hits': 0.2544461778471124,
             'recall': 0.01983704216682169}},
 {'key': 'rec_first_two_query_tracks_with_user@1',
  'values': {'avg_hits': 0.041797535636627206,
             'avg_hits_on_has_hits': 1.0,
             'has_hits': 173,
             'precision': 0.041797535636627206,
             'precision_on_has_hits': 1.0,
             'recall': 0.0019499574615035543}},
 {'key': 'rec_query_tracks_with_user_scaled@5',
  'values': {'avg_hits': 0.22445035032616575,
             'avg_hits_on_has_hits': 1.980810234541578,
             'has_hits': 469,
             'precision': 0.04489007006523306,
             'precision_on_has_hits': 0.3961620469083148,
             'recall': 0.011675991171519436}},
 {'key': 'rec_first_two_query_tracks_with_user_scaled@10',
  'values': {'avg_hits': 0.48272529596520897,
             'avg_hits_on_has_hits': 2.674698795180723,
             'has_hits': 747,
             'precision': 0.048272529596520605,
             'precision_on_has_hits': 0.26746987951807066,
             'recall': 0.025781931403756134}},
 {'key': 'rec_query_tracks_with_user_scaled@1',
  'values': {'avg_hits': 0.056052186518482726,
             'avg_hits_on_has_hits': 1.0,
             'has_hits': 232,
             'precision': 0.056052186518482726,
             'precision_on_has_hits': 1.0,
             'recall': 0.0029414903315695797}},
 {'key': 'rec_first_two_query_tracks_with_user_scaled@5',
  'values': {'avg_hits': 0.281227349601353,
             'avg_hits_on_has_hits': 2.0243478260869567,
             'has_hits': 575,
             'precision': 0.0562454699202704,
             'precision_on_has_hits': 0.40486956521738987,
             'recall': 0.015382951624955725}},
 {'key': 'rec_first_two_query_tracks@10',
  'values': {'avg_hits': 0.6069098816139165,
             'avg_hits_on_has_hits': 3.3359893758300134,
             'has_hits': 753,
             'precision': 0.06069098816139141,
             'precision_on_has_hits': 0.3335989375830001,
             'recall': 0.03772382501648768}},
 {'key': 'rec_first_two_query_tracks_mean@10',
  'values': {'avg_hits': 0.6733510509784972,
             'avg_hits_on_has_hits': 3.3377245508982036,
             'has_hits': 835,
             'precision': 0.06733510509784965,
             'precision_on_has_hits': 0.33377245508982,
             'recall': 0.044549418708752134}},
 {'key': 'rec_first_two_query_tracks@5',
  'values': {'avg_hits': 0.3433196424257067,
             'avg_hits_on_has_hits': 2.2627388535031847,
             'has_hits': 628,
             'precision': 0.06866392848514102,
             'precision_on_has_hits': 0.45254777070063484,
             'recall': 0.021943256766077897}},
 {'key': 'rec_query_tracks@10',
  'values': {'avg_hits': 0.6907465571394057,
             'avg_hits_on_has_hits': 3.9164383561643836,
             'has_hits': 730,
             'precision': 0.06907465571394045,
             'precision_on_has_hits': 0.3916438356164377,
             'recall': 0.046178880736852806}},
 {'key': 'rec_first_two_query_tracks_with_user_scaled@1',
  'values': {'avg_hits': 0.06934042039139889,
             'avg_hits_on_has_hits': 1.0,
             'has_hits': 287,
             'precision': 0.06934042039139889,
             'precision_on_has_hits': 1.0,
             'recall': 0.0038186267878660457}},
 {'key': 'rec_first_two_query_tracks_mean@5',
  'values': {'avg_hits': 0.3544334380285093,
             'avg_hits_on_has_hits': 2.246554364471669,
             'has_hits': 653,
             'precision': 0.0708866876057016,
             'precision_on_has_hits': 0.44931087289433225,
             'recall': 0.023865906446879914}},
 {'key': 'rec_query_tracks@5',
  'values': {'avg_hits': 0.39284851413384875,
             'avg_hits_on_has_hits': 2.605769230769231,
             'has_hits': 624,
             'precision': 0.07856970282676946,
             'precision_on_has_hits': 0.5211538461538442,
             'recall': 0.026993163011692776}},
 {'key': 'rec_first_two_query_tracks_mean@1',
  'values': {'avg_hits': 0.08117902875090602,
             'avg_hits_on_has_hits': 1.0,
             'has_hits': 336,
             'precision': 0.08117902875090602,
             'precision_on_has_hits': 1.0,
             'recall': 0.0052368406057255725}},
 {'key': 'rec_first_two_query_tracks@1',
  'values': {'avg_hits': 0.08866876057018604,
             'avg_hits_on_has_hits': 1.0,
             'has_hits': 367,
             'precision': 0.08866876057018604,
             'precision_on_has_hits': 1.0,
             'recall': 0.005534712924596479}},
 {'key': 'rec_query_tracks@1',
  'values': {'avg_hits': 0.10099057743416284,
             'avg_hits_on_has_hits': 1.0,
             'has_hits': 418,
             'precision': 0.10099057743416284,
             'precision_on_has_hits': 1.0,
             'recall': 0.006760917902467351}}]
2017-11-10 11:57:24,435 - __main__ - INFO - %%% evaluation done in 11165.926s


------------- done -------------
2017-11-10 11:57:24,435 - __main__ - INFO - %%% playlist_eval runner done in 11198.021s


