nohup: ignoring input
Artist not found: spotify:artist:5Qq4eSnLRNtEjXdFmiP6ei
Artist not found: spotify:artist:6C3ZGU59R9XhxQ1KRU5Q1O
Artist not found: spotify:artist:5RNnFkux71dFml5xQFOZpJ
Artist not found: spotify:artist:2T9xH19b4sNPqfwjPGzejt
Artist not found: spotify:artist:7qAWGH2Lb2uIXlZI36YRiO
Artist not found: spotify:artist:7km35sbsvoVtpiXtx5pGoS
Artist not found: spotify:artist:0pQaD3TPmBbvnNtkLjI0rk
Artist not found: spotify:artist:5JC4hm3RYhFmaDsszThQ0K
Artist not found: spotify:artist:4L5mYWvi53PhBsE79BBBwj
Artist not found: spotify:artist:2X7m5Insddc58AhJTs9t4Q
Artist not found: spotify:artist:79aMFcvOfHdzNIXUE5deJb
Artist not found: spotify:artist:0tMrilqtMAsG8qWMBvE0F3
Artist not found: spotify:artist:3XnXZHeCvofk8ls3v1OsLt
Artist not found: spotify:artist:4vkp0Xrh0KIQ5f9D5IlMDm
Artist not found: spotify:artist:2jK4QCcb4yhupzNhul3OBn
Artist not found: spotify:artist:6OvobXDxB51VcJrrvJ70uq
Artist not found: spotify:artist:5ICXL8q6E6KDQg4L2sF7lB
Artist not found: spotify:artist:5dYqPL5jCDCO8uIqJKfnex
Artist not found: spotify:artist:1jVuLlkfKibBT0hXDnzQjp
Artist not found: spotify:artist:0kH3qHYdrKMy2LWAYSZOtz
Artist not found: spotify:artist:26mEFuf39TjJAmGWSghqll
Artist not found: spotify:artist:6RCjV99oEaLRFDU9KMTdU7
Artist not found: spotify:artist:7edwIsK9dqLoNK4RYVJgJx
Artist not found: spotify:artist:2UpdDXgm3WrKsw5vvq6EDr
Artist not found: spotify:artist:1K4v4BX6X00ICwIAx5VctJ
Artist not found: spotify:artist:5YtIFaOP7teAaxzR7lFM8C
Artist not found: spotify:artist:3A2zqCB7ygfit7Qi9pT4gT
Artist not found: spotify:artist:6hQJolYGOSB4FMc3efwGFF
Artist not found: spotify:artist:4K83xBSPCG1yRdbL9KtAex
Artist not found: spotify:artist:1UEcsykc01ZacTBAzknW0F
Artist not found: spotify:artist:5EgHxnLSdBst14bCceq7S4
Artist not found: spotify:artist:5D1OMxu9kunRUiOpqdGT09
Artist not found: spotify:artist:5Epr1ym6goZ8c5fqrtysVO
Artist not found: spotify:artist:2pO0cSgOsR8aOZL2qVahyC
Artist not found: spotify:artist:00IHrMxae2jSiC0oie2iOt
Artist not found: spotify:artist:6aHztHryq1gSuO19l8h4Wd
Artist not found: spotify:artist:3YL1unICPATKMfWO3MHmLM
Artist not found: spotify:artist:5TBVmPKtXOVOs5pQPoaEFU
Artist not found: spotify:artist:0szo06FgZwtdDwKjjlJvr2
Artist not found: spotify:artist:05HeX90zX2jMoL4mOPBK5v
Artist not found: spotify:artist:6PWuHEf0NiiABne867uwpT
Artist not found: spotify:artist:66n66O8eyqmQ8uMNarbsaP
Artist not found: spotify:artist:3nNOwJqSQSqVbX2nDPZuQ3
Artist not found: spotify:artist:1VlUwf7Tvky6oaW3usJkmk
Artist not found: spotify:artist:3TzK9tbkliyZcuEAZLFnUu
Artist not found: spotify:artist:78n6UEk9sXZhISJxxLPqBU
Artist not found: spotify:artist:2tJ6csNN21bhubevSjTfjS
Artist not found: spotify:artist:1cBBAsEcsK8lkyiF35nazI
Artist not found: spotify:artist:0RFZ7D798BlPzEw0rIrfZy
Artist not found: spotify:artist:5j0Mz5zHobfxxxkMB494RH
Artist not found: spotify:artist:7JQKCnl4IaJz7uMtcLScfK
Artist not found: spotify:artist:32kH7nXJcwt9ZxpMujcu6X
Artist not found: spotify:artist:3G7AATlA2J4RXnCE7jhHpJ
Artist not found: spotify:artist:5VoLTFWdFjUdf7TfQhD9Kn
Artist not found: spotify:artist:3a5tXu7GjZwgRxdzFHuGwg
Artist not found: spotify:artist:7D4sK5qupQyzxe7OOkBSyP
Artist not found: spotify:artist:6RXH0GYEEitcThocKF6ubE
Artist not found: spotify:artist:7FflINZ3oWG2LV1ralZvyq
Artist not found: spotify:artist:5amSTggUSnPe1zxKoPLbpN
Artist not found: spotify:artist:6AbxjQMrlxoh0C3QLalyl0
Artist not found: spotify:artist:5hDZFm1sF9ZiuchgjhzAuN
Artist not found: spotify:artist:6USW4Aow7WM7nv5SwuR6WW
Artist not found: spotify:artist:6i4JJGr2TG959WrIJxrtHm
Artist not found: spotify:artist:0RD0IdS74Qa25dkGJr3qbf
Artist not found: spotify:artist:2zZjUO4zxJi9R8V5TR8wsJ
Artist not found: spotify:artist:4R1VLKASeLLo3Sxffg3bgU
Artist not found: spotify:artist:6lYbkNgJMuhNHLlnQIkWYO
Artist not found: spotify:artist:5EgHxnLSdBst14bCceq7S4
Artist not found: spotify:artist:10PhZyEEAFRWaFiX1XFCfg
Artist not found: spotify:artist:6RYQixf0tg4yFjXL1swE9A
Artist not found: spotify:artist:5Rowuc5XCQz7E8SaOFSue9
Artist not found: spotify:artist:1lnBQDbh6lqqlAzWwf9TEQ
Artist not found: spotify:artist:3tSeuQkDYNY83Kd3F8FRY4
Artist not found: spotify:artist:4zhOboqujLR3HqlcUl9OjG
Artist not found: spotify:artist:1ygnFQb0wvgWFS4P020EaY
Artist not found: spotify:artist:0wcwd9rVgYgvbSBOlxZRc9
Artist not found: spotify:artist:5P3HRFj3CA7VwMDwNLEoBW
Artist not found: spotify:artist:6PdAWiOAoN907WFd8Lvn1f
Artist not found: spotify:artist:0N0szCLTbptgBsihtgrVMm
Artist not found: spotify:artist:6SAKydkM7CGK9gcoRgwvVV
Artist not found: spotify:artist:3DkcSJdduzdu3ad3pacv6y
Artist not found: spotify:artist:4wcxojDGSFEicXnyDL2iaj
Artist not found: spotify:artist:1MnMEVLHbRkl1uGlSKlyId
Artist not found: spotify:artist:7aqbqPKSd1TOEdLVFbfhzq
Artist not found: spotify:artist:5gmM9QlsqaZGHTP1DajAmG
Artist not found: spotify:artist:4ZBRxxqX0tAp4F0TI7ZUhM
Artist not found: spotify:artist:1q0Xv4QfM9LpB6rGcMaoZp
Artist not found: spotify:artist:2ej8g2yeZxJCPjeo932J5N
Artist not found: spotify:artist:3GnSSSD7WTZSyCH8gB8C7z
Artist not found: spotify:artist:5Msue2sYv5yczzqvcMMauk
Artist not found: spotify:artist:56lzwBqcyHNG4TNOEjZV93
Artist not found: spotify:artist:3lzKClB7HjZVwB0k0YjH9U
Artist not found: spotify:artist:5P3HRFj3CA7VwMDwNLEoBW
Artist not found: spotify:artist:3josHa5lKmv8GAObuaGCru
Artist not found: spotify:artist:1tWVQz2gyHqyxoHhDySdPJ
Artist not found: spotify:artist:1ynVm7KApUWdHDW5950Dk4
Artist not found: spotify:artist:0faKlLECzDxSOns5J3faZq
Artist not found: spotify:artist:0vIWZjyjgs2yAiRNZaijZY
Artist not found: spotify:artist:1EbEkOkVXyqtMKt19hoAaS
Artist not found: spotify:artist:2kVTq4AEmcrraVsAfOAfd6
Artist not found: spotify:artist:3Fe17vEi4rIlhVVclg4MJr
Artist not found: spotify:artist:4tFIZqub7GyuKjhWJSYVYs
Artist not found: spotify:artist:1w8oGK1cWxlBxy6EhZ04MQ
Artist not found: spotify:artist:78IQkRi4w6rehceXlG7Z99
Artist not found: spotify:artist:6TkJ1wmZuJbvsU1qJpD0Rg
Artist not found: spotify:artist:40fsQ3fhJL3NBRjtqf6QgD
Artist not found: spotify:artist:0VpfMl3g232sUSIS7uGeYJ
Artist not found: spotify:artist:2ooBJHv2bqaNnHy3xOvBN1
Artist not found: spotify:artist:4EvCfYBatA3qLhoIoVkZra
Artist not found: spotify:artist:5bt7vHo0Q7dfHlGFfP2ieC
Artist not found: spotify:artist:35mdRDPA1ONJfxJCKw4Xnq
Artist not found: spotify:artist:1vPVM560hAW5WUmxRQgi3j
Artist not found: spotify:artist:0AqIvNyl0pnjdgA0xsMoej
Artist not found: spotify:artist:10pF3gZjBdQ2oBkwY7kW8R
Artist not found: spotify:artist:5cWhKiS1yW9iH9GirvKXZr
Artist not found: spotify:artist:4kJ3SXAmH8Hx9U4DCcVnAH
Artist not found: spotify:artist:3EwEPyeCmY05Q3zBcjGxrF
Artist not found: spotify:artist:4JyFAZO7QRlFPkqiaQrwGp
Artist not found: spotify:artist:5SI9cSi1tWCRBtIBso3MPa
Artist not found: spotify:artist:5vFeLkVqyS0PhTsC0Kmeom
Artist not found: spotify:artist:0dkrMXbCDBQWABLqBYaeGi
Artist not found: spotify:artist:5D1OMxu9kunRUiOpqdGT09
Artist not found: spotify:artist:0EARkJQiXURWnxdsXpUEdB
Artist not found: spotify:artist:2pSnbGY4UbzdwcXEYKrbvh
Artist not found: spotify:artist:0sVImPH0XV2tfaYw3P85pw
Artist not found: spotify:artist:1UEcsykc01ZacTBAzknW0F
Artist not found: spotify:artist:56RWGu1VIJgMb4NuB8Ki4A
Artist not found: spotify:artist:1e0kruQzIE9vtWIQkyg8pl
Artist not found: spotify:artist:6LSxTGTizzIMOJ8x2JK9xR
Artist not found: spotify:artist:0dUoqv911AuHP1IsxSsb0m
Artist not found: spotify:artist:3Ico8FgtxB4Tog6klZcUqN
Artist not found: spotify:artist:1Pg0glqj0nZMrKVNei0F4w
Artist not found: spotify:artist:3EsmX7mFCvtOD4NDz31lO7
Artist not found: spotify:artist:4hDJQRSI84oHJZmMmEUyqr
Artist not found: spotify:artist:206MsX15itIgFVZgOkNjNK
Artist not found: spotify:artist:6P62kFLJga5K8VZgwPgHjp
Artist not found: spotify:artist:7nQvs6VjFqxMMIHE9IwHo0
Artist not found: spotify:artist:6plzDpFbgL6vo5KyRF3wVQ
Artist not found: spotify:artist:4SfsNFUMYgONrkNnGNAOyS
Artist not found: spotify:artist:4AnPXzLvNImRDVH7taSIKh
Artist not found: spotify:artist:0TaDvdzwJjKp98IPCexwi2
Artist not found: spotify:artist:1KF2QrohqsmHAUaYBRpceU
Artist not found: spotify:artist:2Iqn8dbh4BvojpUyzWYnHg
Artist not found: spotify:artist:2ljbmaCLbwDOijSk47cVIy
Artist not found: spotify:artist:3sv3aG8UsVHW6yjM33RxVB
Artist not found: spotify:artist:7mkJawcqAfz704eTqiKpHA
Artist not found: spotify:artist:5a9047zZrZtU89jdo5y6C2
Artist not found: spotify:artist:2ZHMCqGdqW9wIhUT23JcwF
Artist not found: spotify:artist:2wN2QQ2YECgtsigIUi0eE1
Artist not found: spotify:artist:6NQRKlefOLtxziaa7C7TQV
Artist not found: spotify:artist:4BuLBR5BjLghO9DeAs2E60
Artist not found: spotify:artist:6EsxIgZ40VE33OmowdjOhS
Artist not found: spotify:artist:2blTiukutePTy0b54DG2yM
Artist not found: spotify:artist:0xLySkunmw0oDbd3fatBJR
Artist not found: spotify:artist:0J6bmy3oHmAvm7dgsz9ybD
Artist not found: spotify:artist:34X1r749egpzRB7bvawDHa
Artist not found: spotify:artist:2nnnioQLeXPCv3Q10hTQJt
Artist not found: spotify:artist:7fSvuaDqDF1GksXqliGyPM
Artist not found: spotify:artist:11YsAQgccGScEAZrOeV39d
Artist not found: spotify:artist:4wwVkh6bosdtbn3pMAtIzG
Artist not found: spotify:artist:6ToDkdmL8c1vhsFSl3flRs
Artist not found: spotify:artist:5PLSrqlVNdDhSR6VcIbONZ
Artist not found: spotify:artist:7rNUiNj0VmiC1Scp2yT1NL
Artist not found: spotify:artist:4g6f4USwyc2cDAzNji4lxA
Artist not found: spotify:artist:7k2E6cTiLYU3jixudOzenJ
Artist not found: spotify:artist:6GLIaTY7TuLggtHLheMo4v
Artist not found: spotify:artist:4xvKS93OKYe8elEHHgEpvY
Artist not found: spotify:artist:6kkz5CDEAzbOiMBtrrg8YA
Artist not found: spotify:artist:0gdXB4hI6K0vmgCby9iIlh
Artist not found: spotify:artist:0s1HXWjS0nti6HnuFfOJrT
Artist not found: spotify:artist:1LWQhhpQjclzVZ8QZUx9MZ
Artist not found: spotify:artist:4NWGsa4ZVst0VeJOvbxLp1
Artist not found: spotify:artist:5rYTOrkZ4ZDeDl5oivW4L0
Artist not found: spotify:artist:0CcfdbjuPvZ6vvIWgACkhl
Artist not found: spotify:artist:41JpE2y2QtxsrZIitf9EPK
Artist not found: spotify:artist:2YgTJGfaZQQRq2SKayqOsa
Artist not found: spotify:artist:7N2M52V5WDRUsU99SQnj8S
Artist not found: spotify:artist:5QUqBvjuXzmYEUbBcX8KxR
Artist not found: spotify:artist:2IgYtkgYVCTF2mWKxotLZ5
Artist not found: spotify:artist:4a1jYIK2RWOWJJAe6oRTuO
Artist not found: spotify:artist:2h1qP1QHYsU7HuizeS23Q4
Artist not found: spotify:artist:1X8RgTdpMM8Uj1Q81LXrMB
Artist not found: spotify:artist:0GOKSaBWNSG8GIavilb6ph
Artist not found: spotify:artist:7lLhP5SNk3pvvHPwdIbn1U
Artist not found: spotify:artist:0PUnGhRO8hFBiw6U9BP58u
Artist not found: spotify:artist:54eH0dayw2637hB1jBJYJH
Artist not found: spotify:artist:6Fvg0pmexrSkR9CVpv43Zt
Artist not found: spotify:artist:5fwJTOAbq96KhrQPkUL3No
Artist not found: spotify:artist:2J7WVHE3otcfK6kCP6b7Aj
Artist not found: spotify:artist:26suYo4HQ2CdqVoTXuKQnj
Artist not found: spotify:artist:1GvrYa8T4wZbpfPRbNvn81
Artist not found: spotify:artist:46d9KMrs3OE8OZdcPFXZn4
Artist not found: spotify:artist:01sOsLYP8axGqCIxX8qKbV
Artist not found: spotify:artist:5Rj5SliJYUI7aakR3svIZN
Artist not found: spotify:artist:5lyicPWgjd4qlvVsD69F1v
Artist not found: spotify:artist:0iNAKSmI4DoB7cnrGxvJq0
Artist not found: spotify:artist:4BPQ8agSbp5f64GWn5MsIh
Artist not found: spotify:artist:6olxBgfqA9dNDWQzJ2DPy2
Artist not found: spotify:artist:4wEoqKZDHBHwOa85iEtJGd
Artist not found: spotify:artist:0Yf6vte0XvJ4uguJrO4rj4
Artist not found: spotify:artist:2fQ9QcmzRCyJN9E0nk7vdo
Artist not found: spotify:artist:5DjpC4cUIWtS8SPR2bafCC
Artist not found: spotify:artist:4DZfOyxlorSqIAohFGAYHL
Artist not found: spotify:artist:3gTp3IdZbBR0mPA2CbDTXQ
Artist not found: spotify:artist:5X3es3V4GHByWBTvOigijp
Artist not found: spotify:artist:7mxBsigBiwAQ4AHyi1wVNL
Artist not found: spotify:artist:2A8ofpwzI2Y77m0F3U3IlR
Artist not found: spotify:artist:5ICXL8q6E6KDQg4L2sF7lB
Artist not found: spotify:artist:6X00fNAOqTGS4cWij2nMOf
Artist not found: spotify:artist:4otGYdsNlqUd9cnEfVVD84
Artist not found: spotify:artist:3VZYSdTv6izUgirgXLJTbO
Artist not found: spotify:artist:00uW4qIzIJ9K7hPZsWUgEz
Artist not found: spotify:artist:198VoDWNaRg0lQikp3Vr0T
Artist not found: spotify:artist:0t6eSHxuqkOY6I7Y1Zy8zP
Artist not found: spotify:artist:0wqCLKcVUa1UCU5yvULmLL
Artist not found: spotify:artist:0Va70G0IR4lhBkJcvjlXBA
Artist not found: spotify:artist:5JxNJ9e7ybZH9L6y7W8ZQo
Artist not found: spotify:artist:2X4t05IDNkrBM7UBM6UwUw
Artist not found: spotify:artist:5yuUPUZ9wD73mXQJsPV006
Artist not found: spotify:artist:0A6QeGMhNxX3uAXzvVXtYE
Artist not found: spotify:artist:1VnhAAvyGhV8YTISxbSFI4
Artist not found: spotify:artist:7z1FpVWm4XjH5tWtbgU7RR
Artist not found: spotify:artist:2uNAb8UDCY2jV0nCJVZN1j
Artist not found: spotify:artist:2hihHHuMZqzvHSClXzm6bX
Artist not found: spotify:artist:5txtgUrxp6rVhDaZq0U59F
Artist not found: spotify:artist:69gCUdx5uGCN4cTgSq4Cd6
Artist not found: spotify:artist:706HefPGK6rrXNnxBMPncu
Artist not found: spotify:artist:78dVkWXzW1iiPDTEAhaUVM
Artist not found: spotify:artist:25tgGtNqDW1omxhzGMbpcw
Artist not found: spotify:artist:2dy6tyQjm88QzBshPmkran
Artist not found: spotify:artist:1Kx8RRb1Tsj8izLNj3pbGU
Artist not found: spotify:artist:4yopgfi1zlVLWT2a1Cp3db
Artist not found: spotify:artist:283yDtIrgI9rixqFPwsyGE
Artist not found: spotify:artist:7JFLvUBiUQws6ub4qyJQN5
Artist not found: spotify:artist:1cQ0dsv72gTAuQLY3Pjm7A
Artist not found: spotify:artist:4PAzmaD8UjbH1eqbJFTst3
Artist not found: spotify:artist:2XqEqrO0lAfEXQxw1iGDEm
Artist not found: spotify:artist:47WFcgex0h7WBIjJlBKyHK
Artist not found: spotify:artist:3K0sJbNSKSNtWw1nTyUwes
Artist not found: spotify:artist:4zG6A8JAA3nWSGAWVRvZak
Artist not found: spotify:artist:5syLI88zOoytjZMzX2ukEJ
Artist not found: spotify:artist:4vkp0Xrh0KIQ5f9D5IlMDm
Artist not found: spotify:artist:4L5mYWvi53PhBsE79BBBwj
Artist not found: spotify:artist:0GNfGnAcX7ghBAvj2UlAqU
Artist not found: spotify:artist:3jIiTTxKMKWq4q1QiiR3Sk
Artist not found: spotify:artist:60WfuKYna3PpG6b6fxBuVJ
Artist not found: spotify:artist:5OzRYqc59hTyB6C3F1tc1r
Artist not found: spotify:artist:2gmqN8zeG1ryzXw8TXQIf5
Artist not found: spotify:artist:6OdRZw18BwNooaUp5vksZ5
Artist not found: spotify:artist:1t2WgRCERK2B8hdiry6oTM
Artist not found: spotify:artist:7qNB6bSJm89enGwovec5gT
Artist not found: spotify:artist:7MXjss6q8aHN0e0G8L9Yzt
Artist not found: spotify:artist:6OlAn6jcKPVCMa0oLSVDuc
Artist not found: spotify:artist:1DrwCWvEhlFaq5AnDWhgwK
Artist not found: spotify:artist:55Mkt4ikMa9bZrpaNJhaIs
Artist not found: spotify:artist:1ihgBlSUJXYEPeZ4upyhbh
Artist not found: spotify:artist:6iISeKHXtBE38lTOoABhX5
Artist not found: spotify:artist:77RbMXvBQIJpg9Levz6EDc
Artist not found: spotify:artist:4X9HpTsNnPpmtVD7dTnzev
Artist not found: spotify:artist:7IyZ3Ds2WGErYHb1BtouQZ
Artist not found: spotify:artist:6wJ6lfLOqbYk1bNH12s1Av
Artist not found: spotify:artist:7melmVxXBirB0ouGAQzHsE
Artist not found: spotify:artist:4505bCXcbaRNYq9K4pEKZG
Artist not found: spotify:artist:288wW7ANSue7owIGAdFoyU
Artist not found: spotify:artist:6WOeoPDV7qlEalMPT6Qewa
Artist not found: spotify:artist:1DvzZuRjAqpHoZYVn8Z6b7
Artist not found: spotify:artist:2vxQNKvFZYiS4et6I653Gw
Artist not found: spotify:artist:0yjAv7auR6T1vrkCaKfOrl
Artist not found: spotify:artist:6cIXH7XFZuekHfz9TsAnQN
Artist not found: spotify:artist:3IY2QnS5eMtCUUchI7DTW3
Artist not found: spotify:artist:3vmVpKM3mDIRrDRIUY5v0t
Artist not found: spotify:artist:6vHwhvQYzAtROIzAN8Qrtg
Artist not found: spotify:artist:3enTepNzfqb0375oy1yO0S
Artist not found: spotify:artist:0dMgVrJc29sbtATurmr77p
Artist not found: spotify:artist:7KLDzwuvugzv3alkXbTbYX
Artist not found: spotify:artist:4Fi9aXk2JSdDzwDtEKnCgh
Artist not found: spotify:artist:7vPlCwO3EdsYuBNQlvkSZw
Artist not found: spotify:artist:1VloWFpsDDa7fE3O9GwmP3
Artist not found: spotify:artist:6qTeg2kSXEuAqZOQxtH2Ki
Artist not found: spotify:artist:2rfrFAm67q8e2QKhkw7tVh
Artist not found: spotify:artist:3NFLyaND3kIecpoFtsBHVm
Artist not found: spotify:artist:0ni65wZGBs93VomXPAqHUw
Artist not found: spotify:artist:2BrB1yM0OCJlZDm74o6wW4
Artist not found: spotify:artist:6y3UPCAs2TReoWinmSG5tD
Artist not found: spotify:artist:2tFblYtXKLTFjvH1sxfbv1
Artist not found: spotify:artist:0c5oSm1mk90s6TCzezyUIQ
Artist not found: spotify:artist:40RucDSPGC6Ab8lYjkM65d
Artist not found: spotify:artist:2YsACQrJwicp5gxLJCF5tJ
Artist not found: spotify:artist:0faKlLECzDxSOns5J3faZq
Artist not found: spotify:artist:3hPg4RJ0xT1lpPqxnNmN3S
Artist not found: spotify:artist:1nB5iPH1myZ34AtRjdURVM
Artist not found: spotify:artist:7tuf0iv6yEP5PKfX1q0mTz
Artist not found: spotify:artist:74njzM4ODavqn93b92tavo
Artist not found: spotify:artist:3YL1unICPATKMfWO3MHmLM
Artist not found: spotify:artist:6OvobXDxB51VcJrrvJ70uq
Artist not found: spotify:artist:5qGpv7J7Ud7c4sgGdSvmNA
Artist not found: spotify:artist:1Pg0glqj0nZMrKVNei0F4w
Artist not found: spotify:artist:7qiLImHgYjwcdye5WpuH7I
Artist not found: spotify:artist:7gJQnsPcjwSfW6RC0Dii1R
Artist not found: spotify:artist:3DkcSJdduzdu3ad3pacv6y
Artist not found: spotify:artist:05HeX90zX2jMoL4mOPBK5v
Artist not found: spotify:artist:5Fna9v9xC8wPZ9XQ1AgYQr
Artist not found: spotify:artist:7u0CtQfowkJfjg2qysI3Ck
Artist not found: spotify:artist:1EyJWVJI3ileo0jyOEahBS
Artist not found: spotify:artist:2wUnt2CzuPOw8rFMxWBeGM
Artist not found: spotify:artist:6hQJolYGOSB4FMc3efwGFF
Artist not found: spotify:artist:2fZJ8yokGdLTllSp155FGU
Artist not found: spotify:artist:5hDZFm1sF9ZiuchgjhzAuN
Artist not found: spotify:artist:5eRZUpdMJrUrxd830TvCf2
Artist not found: spotify:artist:4K83xBSPCG1yRdbL9KtAex
Artist not found: spotify:artist:3Ib3NqgJEf4H7s3CCeYIta
Artist not found: spotify:artist:0biV7YWVxehXFzdpHKvlYw
Artist not found: spotify:artist:2yiqR74oxJCguoKvryuWJX
Artist not found: spotify:artist:4dKWXVJOUqKj8yUmUHHpra
Artist not found: spotify:artist:4GGidyZ5rd0jLsS9PMbSxu
Artist not found: spotify:artist:1wWL7F4LsqncYdaKP0QKJZ
Artist not found: spotify:artist:4yKFWuiwW5LEtWzkfBKsQv
Artist not found: spotify:artist:0uQUYaVFOhflrlh7ax8Bvw
Artist not found: spotify:artist:2rHewXpsj2T9K5kjIJzrc7
Artist not found: spotify:artist:3tMgmaEF1Sy8Wa2464DaKE
Artist not found: spotify:artist:20Zq6TTq9oPFCUS4HThEfM
Artist not found: spotify:artist:59YEEMCJiJZ037NJQRAsQp
Artist not found: spotify:artist:7naiCoWPrSNie0Tr3awKIe
Artist not found: spotify:artist:5oFcnaLzACIJb7Z5mRDe5D
Artist not found: spotify:artist:7wGSyJzvDzxQaCZJjGB9KL
Artist not found: spotify:artist:5719NrJrXAQeufe8TfQS2Z
Artist not found: spotify:artist:2WG8TPl4z6PxT6PBhX1XfF
Artist not found: spotify:artist:50EKhhvz9JxACblQKe46QR
Artist not found: spotify:artist:7iEX2UiUHHdMBE6f6pJjbC
Artist not found: spotify:artist:0JNyBluYV6HgUrTK2E0HHS
Artist not found: spotify:artist:3YjSgmMwjpc4p9c0kQbJcR
Artist not found: spotify:artist:78zcMhkVVWNZa25YOobRRZ
Artist not found: spotify:artist:6SAKydkM7CGK9gcoRgwvVV
Artist not found: spotify:artist:1a4q2fXEL1FEAGyjU1ERxC
Artist not found: spotify:artist:3ZFG6h6BfwQCs1Ra8VFiYY
Artist not found: spotify:artist:0vCEmNYNkNhWq9KZ5ozL2c
Artist not found: spotify:artist:4BxXoA7toVG59lfB6HGSnM
Artist not found: spotify:artist:2K7i5FcqJw1D4GUf9OVldx
Artist not found: spotify:artist:098mxtf24z229B26eOAMji
Artist not found: spotify:artist:2qC48aQwvX4QwadR59ZNFj
Artist not found: spotify:artist:5IFhXYxYyhzRP61J6tiGkr
Artist not found: spotify:artist:1MLH2B4IQwZjeItwlyqMTW
Artist not found: spotify:artist:7i7Vof0M51945QH9dGTrXI
Artist not found: spotify:artist:2NPCXLXa4jrGnMkzoaYsbG
Artist not found: spotify:artist:64Q2dAXNdac9Zo6nw42oQj
Artist not found: spotify:artist:6lYbkNgJMuhNHLlnQIkWYO
Artist not found: spotify:artist:1jVuLlkfKibBT0hXDnzQjp
Artist not found: spotify:artist:425hxm8974kyYgsDgcwEqf
Artist not found: spotify:artist:4BkS6aoEk0Nsvm5rXXIlJo
Artist not found: spotify:artist:5UQZtteP7G9PaRzif3jgEq
Artist not found: spotify:artist:5zBwriA9611Qf2dMqdKVyV
Artist not found: spotify:artist:1aDlHh1GQqjbqTKpQHDp38
Artist not found: spotify:artist:0RA47Eani3yO65ackVl2lW
Artist not found: spotify:artist:1K93XVC0EVwjWKUdHGheQ5
Artist not found: spotify:artist:5Qq4eSnLRNtEjXdFmiP6ei
Artist not found: spotify:artist:6ohUlx8aPhjkt0TmrRgsbT
Artist not found: spotify:artist:1wWL7F4LsqncYdaKP0QKJZ
Artist not found: spotify:artist:7EuaQlWXpSdUXvENGjk9UV
Artist not found: spotify:artist:2NtMdOeRgyQObljg0UO3Ft
Artist not found: spotify:artist:562nJv95sm1VixfqmZwc9M
Artist not found: spotify:artist:3gkeL6adn9QmmDiHLOHIoP
Artist not found: spotify:artist:0winpgMPcTi52eLFn0XGwz
Artist not found: spotify:artist:0l2Nh5pQJJ2vribfrv4EmO
Artist not found: spotify:artist:18lqRyyFbpClXNGZIaUZqt
Artist not found: spotify:artist:6buAFbi9bJw87XwLQu3H5Y
Artist not found: spotify:artist:7tqtGTQrMndlmY802nvHqs
Artist not found: spotify:artist:3Ico8FgtxB4Tog6klZcUqN
Artist not found: spotify:artist:1ynVm7KApUWdHDW5950Dk4
Artist not found: spotify:artist:2YEhgeghg1uDLM4r3ltfFB
Artist not found: spotify:artist:28SrDp4kHT6KXcKHhuTzVU
Artist not found: spotify:artist:2J7wyJ1wjvfcWXtg4MpEdw
Artist not found: spotify:artist:5wW7idUzEz5cMhYnkLBaXM
Artist not found: spotify:artist:67CTyZGwkX71OypvrNml68
Artist not found: spotify:artist:3Mmr4QdzrNncdnkmPm4RDk
Artist not found: spotify:artist:0tMrilqtMAsG8qWMBvE0F3
Artist not found: spotify:artist:4o47ZmpRcTKAY8JiCmGvVQ
Artist not found: spotify:artist:3H3rwMv31JYXvJOHFCSD1C
Artist not found: spotify:artist:4a1jYIK2RWOWJJAe6oRTuO
Artist not found: spotify:artist:2pSnbGY4UbzdwcXEYKrbvh
Artist not found: spotify:artist:1XPxQvbmobPQa0jhSZbZ7I
Artist not found: spotify:artist:6l11kbzGpVPlISGEPAZgNj
Artist not found: spotify:artist:4WVyczLYNzlYfrNE1MDGWa
Artist not found: spotify:artist:3INvKGTMnSBal7Z9FjUASS
Artist not found: spotify:artist:4thpVz9KWYTqJo65hrp9xI
Artist not found: spotify:artist:26tLH1Fb6GwDZ8buagYFyn
Artist not found: spotify:artist:22TNMfT78YinzBKTlPMEIi
Artist not found: spotify:artist:3MgtU3cRVBmjaF0BP6xPBD
Artist not found: spotify:artist:1CHssKUrijyH5WkJeYJwd8
Artist not found: spotify:artist:05e36qlGboObsoR5ifk5s4
Artist not found: spotify:artist:1O2N5HYjhOhXiI1Dsrb1FV
Artist not found: spotify:artist:0pHcON51YNq6OjLdo6azFO
Artist not found: spotify:artist:4m2Ls0DGT1ZdLMBpGAKXYx
Artist not found: spotify:artist:7L0j9vlZYWM0oV2OA6yeFl
Artist not found: spotify:artist:7dCg6XfmlOYrC9eHBDzC8t
Artist not found: spotify:artist:5LuGZGa4ZCydtgx6Xmo8vd
Artist not found: spotify:artist:0BG6WcB58QxdEhbbgQWlNd
Artist not found: spotify:artist:6dQFcx6vmpzeZpCucf345V
Artist not found: spotify:artist:7aSUCRetIIF7cr1rhdq8Ld
Artist not found: spotify:artist:49CEtoWUMbR88VqqnJzhhT
Artist not found: spotify:artist:1GWxRteTbATgqILjuLnoeS
Artist not found: spotify:artist:3OXJpReHkVw6RZlGuxuVUj
Artist not found: spotify:artist:0SXTtkeeScV06tGDLbqllB
Artist not found: spotify:artist:72B2tqZZCToukL3MRpyAhm
Artist not found: spotify:artist:1tYcc9xvoPTt97JkVrC5bF
Artist not found: spotify:artist:5e3XPHWo0Wv1kSBqVdCjeh
Artist not found: spotify:artist:2sgKD0ZfPAoTaNwHr8P6OD
Artist not found: spotify:artist:5ChZbGhGGfOFp1Ex9EQXlt
Artist not found: spotify:artist:3XnXZHeCvofk8ls3v1OsLt
Artist not found: spotify:artist:6cIXH7XFZuekHfz9TsAnQN
Artist not found: spotify:artist:4YPZL00JMkUuILCdX06DZY
Artist not found: spotify:artist:6CmUB2VnlV1mwPwTWATDHA
Artist not found: spotify:artist:4Jgnjl2FAvdmlTWxNsjOaH
Artist not found: spotify:artist:6OdRZw18BwNooaUp5vksZ5
Artist not found: spotify:artist:7qAWGH2Lb2uIXlZI36YRiO
Artist not found: spotify:artist:64UjbDl8MQvJDpPTFuzihC
Artist not found: spotify:artist:34X1r749egpzRB7bvawDHa
Artist not found: spotify:artist:2LxQvEEBPxsLwhWHy9HJaz
Artist not found: spotify:artist:6komQpNvaXIbTDquMxIvzX
Artist not found: spotify:artist:52IfXnagF6XP85xYIXrmaz
Artist not found: spotify:artist:0D7nxgKM8AG9Wy9FDQOuOi
Artist not found: spotify:artist:30QlhzXScdQD2J7AhJaLc1
Artist not found: spotify:artist:1UpyUkz5xkuPJEODXQPGNo
Artist not found: spotify:artist:6DPS27TxYT0x3R2luYE4jk
Artist not found: spotify:artist:1vcsGNdC2TtOh0Tc64na8q
Artist not found: spotify:artist:1MLH2B4IQwZjeItwlyqMTW
Artist not found: spotify:artist:0pQaD3TPmBbvnNtkLjI0rk
done
