2018-01-31 01:18:17,887 - summa.preprocessing.cleaner - INFO - 'pattern' package not found; tag filters are not available for English
2018-01-31 01:18:17,918 - __main__ - INFO - started playlist eval with config: {'dataDir': 'data/final_model/', 'outDir': 'data/final_model_out/', 'SHOULD_GENERATE_GRAPH': True, 'SHOULD_INDEX_ES': True, 'TEST_PLAYLIST_SPLIT': 0.2, 'PRECISION_AT': [10], 'USE_USER_IN_QUERY': True, 'SHOULD_EMBED': True, 'ARGS': Namespace(album=True, data_dir='data/final_model/', genre=False, out_dir='data/final_model_out/', tags=True)}
2018-01-31 01:18:17,918 - __main__ - INFO - %%% playlist_eval runner... 
2018-01-31 01:18:19,811 - gemsearch.evaluation.playlist_query_evaluator - INFO - Splitted playlists for training (17068) and test (4234), total (21336)
2018-01-31 01:18:19,811 - gemsearch.evaluation.playlist_query_evaluator - INFO - dropped because of invalid split (user in test but not in training) 34
------------- generate graph -------------
2018-01-31 01:18:20,031 - __main__ - INFO - %%% graph generation... 
2018-01-31 01:20:34,860 - gemsearch.core.type_counter - INFO - Collected items by type:
2018-01-31 01:20:34,861 - gemsearch.core.type_counter - INFO - track: 852061
2018-01-31 01:20:34,861 - gemsearch.core.type_counter - INFO - artist: 106504
2018-01-31 01:20:34,861 - gemsearch.core.type_counter - INFO - tag: 395686
2018-01-31 01:20:34,861 - gemsearch.core.type_counter - INFO - album: 188997
2018-01-31 01:20:34,861 - gemsearch.core.type_counter - INFO - user: 1148
2018-01-31 01:20:34,861 - gemsearch.core.type_counter - INFO - -- Total: 1544396 --
2018-01-31 01:20:34,861 - __main__ - INFO - %%% graph generation done in 134.83s


2018-01-31 01:20:34,862 - __main__ - INFO - %%% embedding 20_20_10_64_deepwalk... 
2018-01-31 01:20:34,862 - deepwalk.runner - INFO - started deepwalk with config: Namespace(debug=False, format='edgelist', input='data/final_model_out/graph.txt', log='INFO', max_memory_data_size=70000000, method='deepwalk', number_walks=20, output='data/final_model_out/deepwalk.em', representation_size=64, seed=42, undirected=True, vertex_freq_degree=False, walk_length=20, weighted=True, window_size=10, workers=3)
2018-01-31 01:21:18,215 - deepwalk - INFO - make_consistent: made consistent in 14.330695629119873s
2018-01-31 01:21:20,984 - deepwalk - INFO - remove_self_loops: removed 0 loops in 2.7684860229492188s
2018-01-31 01:21:20,984 - deepwalk.runner - INFO - Number of nodes: 1544396
2018-01-31 01:21:20,985 - deepwalk.runner - INFO - Number of walks: 30887920
2018-01-31 01:21:20,985 - deepwalk.runner - INFO - Data size (walks*length): 617758400
2018-01-31 01:21:20,985 - deepwalk.runner - INFO - Data size 617758400 is larger than limit (max-memory-data-size: 70000000).  Dumping walks to disk.
2018-01-31 01:21:20,985 - deepwalk.runner - INFO - Start Walking...
2018-01-31 01:56:32,870 - deepwalk.runner - INFO - Start Training...
2018-01-31 04:37:41,989 - deepwalk.runner - INFO - Delete serialized walks
2018-01-31 04:37:42,614 - gensim.models.keyedvectors - INFO - storing 1544396x64 projection weights into data/final_model_out/deepwalk.em
2018-01-31 04:38:42,478 - __main__ - INFO - %%% embedding 20_20_10_64_deepwalk done in 11887.616s


2018-01-31 04:38:42,479 - __main__ - INFO - %%% elastic search writer... 
all indexes cleared
{'_shards': {'failed': 0, 'successful': 5, 'total': 5}, 'count': 1543248}
2018-01-31 04:40:45,852 - __main__ - INFO - %%% elastic search writer done in 123.373s


2018-01-31 04:40:45,853 - __main__ - INFO - %%% ge calc initializing... 
2018-01-31 04:40:45,853 - gensim.models.keyedvectors - INFO - loading projection weights from data/final_model_out/deepwalk.em
2018-01-31 04:42:37,271 - gensim.models.keyedvectors - INFO - loaded (1544396, 64) matrix from data/final_model_out/deepwalk.em
2018-01-31 04:42:42,123 - __main__ - INFO - %%% ge calc initializing done in 116.27s


2018-01-31 04:42:42,124 - __main__ - INFO - ------------- evaluation -------------
2018-01-31 04:42:42,124 - __main__ - INFO - %%% evaluation... 
2018-01-31 04:42:42,124 - gemsearch.evaluation.playlist_query_evaluator - INFO - Extract queries from playlist names (result is cached)
2018-01-31 04:50:57,458 - gemsearch.evaluation.playlist_query_evaluator - INFO - For evaluation 4159 of 4234 playlists are left
2018-01-31 04:50:57,463 - gemsearch.evaluation.playlist_query_evaluator - INFO - Started playlist evaluation with 4159 playlists
2018-01-31 04:50:57,496 - gensim.models.keyedvectors - INFO - precomputing L2-norms of word weight vectors
2018-01-31 07:27:46,253 - gemsearch.evaluation.playlist_query_evaluator - INFO - Playlist evaluation finished: total 4159 playlists (testsplit=0.2)
[{'key': 'rec_tracks_with_user@10',
  'values': {'avg_hits': 0.08247174801635009,
             'avg_hits_on_has_hits': 1.715,
             'has_hits': 200,
             'precision': 0.008247174801635022,
             'precision_on_has_hits': 0.17150000000000026,
             'recall': 0.0018906940989135187}},
 {'key': 'rec_query_tracks_with_user@10',
  'values': {'avg_hits': 0.6095215195960567,
             'avg_hits_on_has_hits': 2.5580221997981836,
             'has_hits': 991,
             'precision': 0.060952151959605266,
             'precision_on_has_hits': 0.25580221997981667,
             'recall': 0.0348771248244572}},
 {'key': 'rec_multiple_queries_tracks_with_user@10',
  'values': {'avg_hits': 0.8997355133445539,
             'avg_hits_on_has_hits': 3.445672191528545,
             'has_hits': 1086,
             'precision': 0.08997355133445564,
             'precision_on_has_hits': 0.34456721915285543,
             'recall': 0.058797955320756004}},
 {'key': 'rec_first_two_query_tracks_with_user@10',
  'values': {'avg_hits': 1.1738398653522482,
             'avg_hits_on_has_hits': 3.820031298904538,
             'has_hits': 1278,
             'precision': 0.11738398653522525,
             'precision_on_has_hits': 0.38200312989045526,
             'recall': 0.07664028649032739}},
 {'key': 'rec_multiple_queries_tracks@10',
  'values': {'avg_hits': 1.3209906227458523,
             'avg_hits_on_has_hits': 4.866253321523472,
             'has_hits': 1129,
             'precision': 0.13209906227458557,
             'precision_on_has_hits': 0.4866253321523484,
             'recall': 0.08668806238071519}},
 {'key': 'rec_first_two_query_tracks@10',
  'values': {'avg_hits': 1.4479442173599424,
             'avg_hits_on_has_hits': 4.752959747434885,
             'has_hits': 1267,
             'precision': 0.14479442173599477,
             'precision_on_has_hits': 0.4752959747434903,
             'recall': 0.09662585893451402}},
 {'key': 'rec_first_two_query_tracks_with_user_scaled@10',
  'values': {'avg_hits': 1.468862707381582,
             'avg_hits_on_has_hits': 4.695618754803997,
             'has_hits': 1301,
             'precision': 0.1468862707381588,
             'precision_on_has_hits': 0.4695618754804016,
             'recall': 0.09863727245876193}},
 {'key': 'rec_query_tracks_with_user_scaled@10',
  'values': {'avg_hits': 1.6095215195960568,
             'avg_hits_on_has_hits': 5.254317111459969,
             'has_hits': 1274,
             'precision': 0.16095215195960605,
             'precision_on_has_hits': 0.5254317111459981,
             'recall': 0.10592938742855933}},
 {'key': 'rec_query_tracks@10',
  'values': {'avg_hits': 1.6198605433998556,
             'avg_hits_on_has_hits': 5.385291766586731,
             'has_hits': 1251,
             'precision': 0.1619860543399862,
             'precision_on_has_hits': 0.5385291766586751,
             'recall': 0.10682346690256714}},
 {'key': 'rec_album_or_query@10',
  'values': {'avg_hits': 1.9978360182736234,
             'avg_hits_on_has_hits': 6.700806451612904,
             'has_hits': 1240,
             'precision': 0.19978360182736257,
             'precision_on_has_hits': 0.6700806451612911,
             'recall': 0.13499045538455645}}]
2018-01-31 07:27:46,272 - __main__ - INFO - %%% evaluation done in 9904.148s


------------- done -------------
2018-01-31 07:27:47,263 - __main__ - INFO - %%% playlist_eval runner done in 22169.345s


